2021-05-24 09:49:51,036 [ 1] INFO  Unity: LoadingManager start
2021-05-24 09:49:54,483 [ 1] INFO  Unity: UserLoginRequest::user :12 psw:12
2021-05-24 09:49:54,483 [ 1] INFO  Unity: ConnectToServer() Start 
2021-05-24 09:49:54,486 [ 1] INFO  Unity: DoConnect
2021-05-24 09:49:54,486 [ 1] INFO  Unity: NetClient.DoConnect on 127.0.0.1:8000
2021-05-24 09:49:54,487 [ 1] INFO  Unity: Connect[0] to server 127.0.0.1:8000

2021-05-24 09:49:54,491 [ 1] INFO  Unity: LoadingMesager::OnGameServerConnect :0 reason:Success
2021-05-24 09:49:54,582 [ 1] INFO  Unity: OnUserLogin:Result:Success Errormsg:[None]
2021-05-24 09:49:54,582 [ 1] INFO  Unity: LoadLevel: CharSelect
2021-05-24 09:49:54,672 [ 1] INFO  Unity: LevelLoadCompleted:1
2021-05-24 09:49:54,675 [ 1] INFO  Unity: DataManager > DataManager()
2021-05-24 09:49:55,574 [ 1] INFO  Unity: Select Char:[4]qwe[Warrior]
2021-05-24 09:49:56,324 [ 1] INFO  Unity: 0
2021-05-24 09:49:56,324 [ 1] INFO  Unity: UserGameEnterRequest::characterId :0
2021-05-24 09:49:56,344 [ 1] INFO  Unity: OnGameEnter:Success [None]
2021-05-24 09:49:56,346 [ 1] INFO  Unity: 物品管理器初始化 物品id 1 数量：20
2021-05-24 09:49:56,346 [ 1] INFO  Unity: 物品管理器初始化 物品id 2 数量：20
2021-05-24 09:52:04,508 [ 1] INFO  Unity: OnMapCharacterEnter:Map:1 Count:2
2021-05-24 09:52:04,509 [ 1] INFO  Unity: AddCharacter:1:123 Map:1 Entity:(1:pos:(5000,4000,820),dir:(100,0,0),spd:0
2021-05-24 09:52:04,510 [ 1] INFO  Unity: AddCharacter:4:qwe Map:1 Entity:(2:pos:(5000,4000,820),dir:(100,0,0),spd:0
2021-05-24 09:52:04,510 [ 1] INFO  Unity: LoadLevel: MainCity
2021-05-24 09:52:04,510 [ 1] INFO  Unity: OnMapCharacterEnter:
2021-05-24 09:52:04,510 [ 1] INFO  Unity: LoadLevel: MainCity
2021-05-24 09:52:04,770 [ 1] INFO  Unity: Warrior OnDestroy :ID:0 POS:(0, 0, 0) DIR:(0, 100, 0) SPD:0 
2021-05-24 09:52:04,770 [ 1] INFO  Unity: Archer OnDestroy :ID:0 POS:(0, 0, 0) DIR:(0, 100, 0) SPD:0 
2021-05-24 09:52:04,817 [ 1] INFO  Unity: LevelLoadCompleted:1
2021-05-24 09:52:04,818 [ 1] INFO  Unity: 埃布尔
2021-05-24 09:52:04,820 [ 1] INFO  Unity: 莉莉丝
2021-05-24 09:52:04,820 [ 1] INFO  Unity: 多丽丝
2021-05-24 09:52:04,820 [ 1] INFO  Unity: 奥德利奇
2021-05-24 09:52:05,037 [ 1] INFO  Unity: LevelLoadCompleted:1
2021-05-24 09:52:05,037 [ 1] INFO  Unity: 埃布尔
2021-05-24 09:52:05,037 [ 1] INFO  Unity: 莉莉丝
2021-05-24 09:52:05,038 [ 1] INFO  Unity: 多丽丝
2021-05-24 09:52:05,038 [ 1] INFO  Unity: 奥德利奇
2021-05-24 09:52:06,550 [ 1] INFO  Unity: OnEntityChanged: ID:1 POS:(5063, 4000, 907) DIR:(100, 0, 0) SPD:0
2021-05-24 09:52:06,551 [ 1] INFO  Unity: MapEntityUpdateResponse: Entitys:1
    [1]evt:None entity:(1:pos:(5063,4000,907),dir:(100,0,0),spd:0

2021-05-24 09:52:06,551 [ 1] INFO  Unity: OnEntityChanged: ID:1 POS:(5042, 4000, 967) DIR:(100, 0, 0) SPD:0
2021-05-24 09:52:06,551 [ 1] INFO  Unity: MapEntityUpdateResponse: Entitys:1
    [1]evt:None entity:(1:pos:(5042,4000,967),dir:(100,0,0),spd:0

2021-05-24 09:52:06,551 [ 1] INFO  Unity: OnEntityChanged: ID:1 POS:(5000, 4000, 1013) DIR:(100, 0, 0) SPD:0
2021-05-24 09:52:06,551 [ 1] INFO  Unity: MapEntityUpdateResponse: Entitys:1
    [1]evt:None entity:(1:pos:(5000,4000,1013),dir:(100,0,0),spd:0

2021-05-24 09:52:06,555 [ 1] INFO  Unity: OnEntityChanged: ID:1 POS:(5000, 4000, 961) DIR:(100, 0, 0) SPD:0
2021-05-24 09:52:06,556 [ 1] INFO  Unity: MapEntityUpdateResponse: Entitys:1
    [1]evt:None entity:(1:pos:(5000,4000,961),dir:(100,0,0),spd:0

2021-05-24 09:52:06,556 [ 1] INFO  Unity: OnEntityChanged: ID:1 POS:(5066, 4000, 842) DIR:(100, 0, 0) SPD:0
2021-05-24 09:52:06,556 [ 1] INFO  Unity: MapEntityUpdateResponse: Entitys:1
    [1]evt:None entity:(1:pos:(5066,4000,842),dir:(100,0,0),spd:0

2021-05-24 09:52:20,443 [ 1] INFO  Unity: OnEntityChanged: ID:1 POS:(5066, 4000, 842) DIR:(98, 18, 0) SPD:0
2021-05-24 09:52:20,444 [ 1] INFO  Unity: MapEntityUpdateResponse: Entitys:1
    [1]evt:None entity:(1:pos:(5066,4000,842),dir:(98,18,0),spd:0

2021-05-24 09:52:20,544 [ 1] INFO  Unity: OnEntityChanged: ID:1 POS:(5066, 4000, 842) DIR:(94, 35, 0) SPD:0
2021-05-24 09:52:20,544 [ 1] INFO  Unity: MapEntityUpdateResponse: Entitys:1
    [1]evt:None entity:(1:pos:(5066,4000,842),dir:(94,35,0),spd:0

2021-05-24 09:52:20,628 [ 1] INFO  Unity: OnEntityChanged: ID:1 POS:(5066, 4000, 842) DIR:(86, 51, 0) SPD:0
2021-05-24 09:52:20,628 [ 1] INFO  Unity: MapEntityUpdateResponse: Entitys:1
    [1]evt:None entity:(1:pos:(5066,4000,842),dir:(86,51,0),spd:0

2021-05-24 09:52:20,727 [ 1] INFO  Unity: OnEntityChanged: ID:1 POS:(5066, 4000, 842) DIR:(74, 68, 0) SPD:0
2021-05-24 09:52:20,727 [ 1] INFO  Unity: MapEntityUpdateResponse: Entitys:1
    [1]evt:None entity:(1:pos:(5066,4000,842),dir:(74,68,0),spd:0

2021-05-24 09:52:20,828 [ 1] INFO  Unity: OnEntityChanged: ID:1 POS:(5066, 4000, 842) DIR:(58, 81, 0) SPD:0
2021-05-24 09:52:20,828 [ 1] INFO  Unity: MapEntityUpdateResponse: Entitys:1
    [1]evt:None entity:(1:pos:(5066,4000,842),dir:(58,81,0),spd:0

2021-05-24 09:52:20,911 [ 1] INFO  Unity: OnEntityChanged: ID:1 POS:(5066, 4000, 842) DIR:(43, 90, 0) SPD:0
2021-05-24 09:52:20,911 [ 1] INFO  Unity: MapEntityUpdateResponse: Entitys:1
    [1]evt:None entity:(1:pos:(5066,4000,842),dir:(43,90,0),spd:0

2021-05-24 09:52:20,995 [ 1] INFO  Unity: OnEntityChanged: ID:1 POS:(5066, 4000, 842) DIR:(27, 96, 0) SPD:0
2021-05-24 09:52:20,995 [ 1] INFO  Unity: MapEntityUpdateResponse: Entitys:1
    [1]evt:None entity:(1:pos:(5066,4000,842),dir:(27,96,0),spd:0

2021-05-24 09:52:21,069 [ 1] INFO  Unity: OnEntityChanged: ID:1 POS:(5066, 4000, 842) DIR:(9, 100, 0) SPD:0
2021-05-24 09:52:21,070 [ 1] INFO  Unity: MapEntityUpdateResponse: Entitys:1
    [1]evt:None entity:(1:pos:(5066,4000,842),dir:(9,100,0),spd:0

2021-05-24 09:52:21,187 [ 1] INFO  Unity: OnEntityChanged: ID:1 POS:(5066, 4000, 842) DIR:(-11, 99, 0) SPD:0
2021-05-24 09:52:21,187 [ 1] INFO  Unity: MapEntityUpdateResponse: Entitys:1
    [1]evt:None entity:(1:pos:(5066,4000,842),dir:(-11,99,0),spd:0

2021-05-24 09:52:21,261 [ 1] INFO  Unity: OnEntityChanged: ID:1 POS:(5066, 4000, 842) DIR:(-29, 96, 0) SPD:0
2021-05-24 09:52:21,261 [ 1] INFO  Unity: MapEntityUpdateResponse: Entitys:1
    [1]evt:None entity:(1:pos:(5066,4000,842),dir:(-29,96,0),spd:0

2021-05-24 09:52:21,362 [ 1] INFO  Unity: OnEntityChanged: ID:1 POS:(5066, 4000, 842) DIR:(-48, 88, 0) SPD:0
2021-05-24 09:52:21,362 [ 1] INFO  Unity: MapEntityUpdateResponse: Entitys:1
    [1]evt:None entity:(1:pos:(5066,4000,842),dir:(-48,88,0),spd:0

2021-05-24 09:52:21,462 [ 1] INFO  Unity: OnEntityChanged: ID:1 POS:(5066, 4000, 842) DIR:(-65, 76, 0) SPD:0
2021-05-24 09:52:21,462 [ 1] INFO  Unity: MapEntityUpdateResponse: Entitys:1
    [1]evt:None entity:(1:pos:(5066,4000,842),dir:(-65,76,0),spd:0

2021-05-24 09:52:21,545 [ 1] INFO  Unity: OnEntityChanged: ID:1 POS:(5066, 4000, 842) DIR:(-77, 64, 0) SPD:0
2021-05-24 09:52:21,545 [ 1] INFO  Unity: MapEntityUpdateResponse: Entitys:1
    [1]evt:None entity:(1:pos:(5066,4000,842),dir:(-77,64,0),spd:0

2021-05-24 09:52:21,629 [ 1] INFO  Unity: OnEntityChanged: ID:1 POS:(5066, 4000, 842) DIR:(-87, 49, 0) SPD:0
2021-05-24 09:52:21,629 [ 1] INFO  Unity: MapEntityUpdateResponse: Entitys:1
    [1]evt:None entity:(1:pos:(5066,4000,842),dir:(-87,49,0),spd:0

2021-05-24 09:52:21,728 [ 1] INFO  Unity: OnEntityChanged: ID:1 POS:(5066, 4000, 842) DIR:(-95, 30, 0) SPD:0
2021-05-24 09:52:21,728 [ 1] INFO  Unity: MapEntityUpdateResponse: Entitys:1
    [1]evt:None entity:(1:pos:(5066,4000,842),dir:(-95,30,0),spd:0

2021-05-24 09:52:21,829 [ 1] INFO  Unity: OnEntityChanged: ID:1 POS:(5066, 4000, 842) DIR:(-99, 11, 0) SPD:0
2021-05-24 09:52:21,829 [ 1] INFO  Unity: MapEntityUpdateResponse: Entitys:1
    [1]evt:None entity:(1:pos:(5066,4000,842),dir:(-99,11,0),spd:0

2021-05-24 09:52:21,979 [ 1] INFO  Unity: OnEntityChanged: ID:1 POS:(5066, 4000, 842) DIR:(-100, -7, 0) SPD:0
2021-05-24 09:52:21,979 [ 1] INFO  Unity: MapEntityUpdateResponse: Entitys:1
    [1]evt:None entity:(1:pos:(5066,4000,842),dir:(-100,-7,0),spd:0

2021-05-24 09:52:30,747 [ 1] INFO  Unity: Character_1_123 OnDestroy :ID:1 POS:(5066, 4000, 842) DIR:(-100, -7, 0) SPD:0 
2021-05-24 09:52:30,747 [ 1] INFO  Unity: Character_4_qwe OnDestroy :ID:2 POS:(5000, 4000, 803) DIR:(100, 0, 0) SPD:0 
2021-05-24 09:52:30,748 [ 1] INFO  Unity: OnDestroy NetworkManager.
2021-05-24 09:52:30,748 [ 1] WARN  Unity: CloseConnection(), errorCode: 1007

