2021-03-04 19:29:20,501 [ 1] INFO  Unity: LoadingManager start
2021-03-04 19:29:26,008 [ 1] INFO  Unity: UserLoginRequest::user :123 psw:123
2021-03-04 19:29:26,009 [ 1] INFO  Unity: ConnectToServer() Start 
2021-03-04 19:29:26,013 [ 1] INFO  Unity: DoConnect
2021-03-04 19:29:26,015 [ 1] INFO  Unity: NetClient.DoConnect on 127.0.0.1:8000
2021-03-04 19:29:26,018 [ 1] INFO  Unity: Connect[0] to server 127.0.0.1:8000

2021-03-04 19:29:26,021 [ 1] INFO  Unity: LoadingMesager::OnGameServerConnect :0 reason:Success
2021-03-04 19:29:26,110 [ 1] INFO  Unity: OnUserLogin:Result:Success Errormsg:[None]
2021-03-04 19:29:26,112 [ 1] INFO  Unity: LoadLevel: CharSelect
2021-03-04 19:29:26,312 [ 1] INFO  Unity: LevelLoadCompleted:1
2021-03-04 19:29:26,313 [ 1] INFO  Unity: DataManager > DataManager()
2021-03-04 19:29:26,425 [ 1] INFO  Unity: Select Char:[1]123[Warrior]
2021-03-04 19:29:27,248 [ 1] INFO  Unity: 0
2021-03-04 19:29:27,249 [ 1] INFO  Unity: UserGameEnterRequest::characterId :0
2021-03-04 19:29:27,266 [ 1] INFO  Unity: OnGameEnter:Success [None]
2021-03-04 19:29:27,268 [ 1] WARN  Unity: You are trying to create a MonoBehaviour using the 'new' keyword.  This is not allowed.  MonoBehaviours can only be added using AddComponent(). Alternatively, your script can inherit from ScriptableObject or no base class at all
UnityEngine.MonoBehaviour:.ctor()
Item:.ctor(NItemInfo) (at Assets/Scripts/Models/Item.cs:12)
ItemManager:Init(List`1) (at Assets/Scripts/Managers/ItemManager.cs:16)
Services.UserService:OnGameEnter(Object, UserGameEnterResponse) (at Assets/Scripts/Services/UserService.cs:236)
Network.MessageDistributer`1:RaiseEvent(Object, UserGameEnterResponse)
Network.MessageDispatch`1:Dispatch(Object, NetMessageResponse)
Network.MessageDistributer`1:Distribute()
Network.NetClient:ProceeMessage() (at Assets/Scripts/Network/NetClient.cs:421)
Network.NetClient:Update() (at Assets/Scripts/Network/NetClient.cs:439)

2021-03-04 19:29:27,269 [ 1] INFO  Unity: 物品管理器初始化 物品id 1 数量：57
2021-03-04 19:29:27,270 [ 1] INFO  Unity: OnMapCharacterEnter:Map:1 Count:1
2021-03-04 19:29:27,271 [ 1] INFO  Unity: AddCharacter:1:123 Map:1 Entity:(4:pos:(5000,4000,820),dir:(100,0,0),spd:0
2021-03-04 19:29:27,273 [ 1] INFO  Unity: LoadLevel: MainCity
2021-03-04 19:29:27,274 [ 1] INFO  Unity: OnMapCharacterEnter:
2021-03-04 19:29:27,274 [ 1] INFO  Unity: LoadLevel: MainCity
2021-03-04 19:29:27,804 [ 1] WARN  Unity: No mesh data available for mesh Sphere001 on particle system fx_portal. Make sure Read/Write Enabled is set in the importer to work on the particle system renderer

2021-03-04 19:29:27,817 [ 1] INFO  Unity: Warrior OnDestroy :ID:0 POS:(0, 0, 0) DIR:(0, 100, 0) SPD:0 
2021-03-04 19:29:27,818 [ 1] INFO  Unity: Archer OnDestroy :ID:0 POS:(0, 0, 0) DIR:(0, 100, 0) SPD:0 
2021-03-04 19:29:27,929 [ 1] INFO  Unity: LevelLoadCompleted:1
2021-03-04 19:29:27,930 [ 1] INFO  Unity: 埃布尔
2021-03-04 19:29:27,931 [ 1] INFO  Unity: 奥德利奇
2021-03-04 19:29:27,931 [ 1] INFO  Unity: 莉莉丝
2021-03-04 19:29:27,931 [ 1] INFO  Unity: 多丽丝
2021-03-04 19:29:27,934 [ 1] INFO  Unity: ???????????????????????????????????????
2021-03-04 19:29:27,935 [ 1] INFO  Unity: !!!!!!!!!!!!!!!!!!!!!!!!!!!!!!!!!!!!!!!!!!!!!
2021-03-04 19:29:28,370 [ 1] INFO  Unity: LevelLoadCompleted:1
2021-03-04 19:29:28,371 [ 1] INFO  Unity: 埃布尔
2021-03-04 19:29:28,371 [ 1] INFO  Unity: 奥德利奇
2021-03-04 19:29:28,371 [ 1] INFO  Unity: 莉莉丝
2021-03-04 19:29:28,372 [ 1] INFO  Unity: 多丽丝
2021-03-04 19:29:28,372 [ 1] INFO  Unity: ???????????????????????????????????????
2021-03-04 19:29:28,372 [ 1] INFO  Unity: !!!!!!!!!!!!!!!!!!!!!!!!!!!!!!!!!!!!!!!!!!!!!
2021-03-04 19:29:28,729 [ 1] INFO  Unity: SetDirection:(98, -19, 0)
2021-03-04 19:29:28,827 [ 1] INFO  Unity: SetDirection:(93, -38, 0)
2021-03-04 19:29:28,893 [ 1] INFO  Unity: MoveForward
2021-03-04 19:29:28,927 [ 1] INFO  Unity: SetDirection:(83, -56, 0)
2021-03-04 19:29:29,009 [ 1] INFO  Unity: SetDirection:(72, -70, 0)
2021-03-04 19:29:29,113 [ 1] INFO  Unity: SetDirection:(56, -83, 0)
2021-03-04 19:29:29,196 [ 1] INFO  Unity: SetDirection:(41, -91, 0)
2021-03-04 19:29:29,278 [ 1] INFO  Unity: SetDirection:(24, -97, 0)
2021-03-04 19:29:29,380 [ 1] INFO  Unity: SetDirection:(3, -100, 0)
2021-03-04 19:29:29,479 [ 1] INFO  Unity: SetDirection:(-17, -98, 0)
2021-03-04 19:29:29,558 [ 1] INFO  Unity: SetDirection:(-34, -94, 0)
2021-03-04 19:29:29,647 [ 1] INFO  Unity: SetDirection:(-50, -87, 0)
2021-03-04 19:29:29,745 [ 1] INFO  Unity: SetDirection:(-65, -76, 0)
2021-03-04 19:29:29,896 [ 1] INFO  Unity: Stop
2021-03-04 19:29:29,945 [ 1] INFO  Unity: SetDirection:(-77, -63, 0)
2021-03-04 19:29:30,419 [ 1] INFO  Unity: taskNPC
2021-03-04 19:29:32,535 [ 1] INFO  Unity: SetDirection:(-88, -47, 0)
2021-03-04 19:29:32,632 [ 1] INFO  Unity: SetDirection:(-95, -30, 0)
2021-03-04 19:29:32,717 [ 1] INFO  Unity: SetDirection:(-99, -13, 0)
2021-03-04 19:29:32,802 [ 1] INFO  Unity: SetDirection:(-100, 5, 0)
2021-03-04 19:29:32,900 [ 1] INFO  Unity: SetDirection:(-97, 25, 0)
2021-03-04 19:29:32,984 [ 1] INFO  Unity: SetDirection:(-91, 42, 0)
2021-03-04 19:29:33,088 [ 1] INFO  Unity: SetDirection:(-81, 58, 0)
2021-03-04 19:29:33,232 [ 1] INFO  Unity: SetDirection:(-70, 72, 0)
2021-03-04 19:29:33,874 [ 1] INFO  Unity: DeliveryNPC1
2021-03-04 19:29:35,893 [ 1] INFO  Unity: SetDirection:(-55, 83, 0)
2021-03-04 19:29:36,010 [ 1] INFO  Unity: SetDirection:(-37, 93, 0)
2021-03-04 19:29:36,109 [ 1] INFO  Unity: SetDirection:(-17, 98, 0)
2021-03-04 19:29:36,239 [ 1] INFO  Unity: SetDirection:(2, 100, 0)
2021-03-04 19:29:36,801 [ 1] INFO  Unity: DeliveryNPC2
2021-03-04 19:29:39,019 [ 1] INFO  Unity: Treasure_poter
2021-03-04 19:29:41,188 [ 1] INFO  Unity: OnDestroy NetworkManager.
2021-03-04 19:29:41,189 [ 1] WARN  Unity: CloseConnection(), errorCode: 1007
UnityEngine.Debug:LogWarning(Object)
Network.NetClient:CloseConnection(Int32) (at Assets/Scripts/Network/NetClient.cs:180)
Network.NetClient:OnDestroy() (at Assets/Scripts/Network/NetClient.cs:175)

2021-03-04 19:29:41,193 [ 1] INFO  Unity: Character_4_123 OnDestroy :ID:4 POS:(5025, 3742, 820) DIR:(2, 100, 0) SPD:0 
